[debug] [2025-05-27T18:50:07.028Z] ----------------------------------------------------------------------
[debug] [2025-05-27T18:50:07.031Z] Command:       /opt/homebrew/Cellar/node/23.11.0/bin/node /opt/homebrew/bin/firebase init hosting
[debug] [2025-05-27T18:50:07.031Z] CLI Version:   14.4.0
[debug] [2025-05-27T18:50:07.032Z] Platform:      darwin
[debug] [2025-05-27T18:50:07.032Z] Node Version:  v23.11.0
[debug] [2025-05-27T18:50:07.032Z] Time:          Tue May 27 2025 14:50:07 GMT-0400 (Eastern Daylight Time)
[debug] [2025-05-27T18:50:07.032Z] ----------------------------------------------------------------------
[debug] 
[debug] [2025-05-27T18:50:07.037Z] > command requires scopes: ["email","openid","https://www.googleapis.com/auth/cloudplatformprojects.readonly","https://www.googleapis.com/auth/firebase","https://www.googleapis.com/auth/cloud-platform"]
[debug] [2025-05-27T18:50:07.037Z] > authorizing via signed-in user (peterbaileyct@gmail.com)
[info] 
     ######## #### ########  ######## ########     ###     ######  ########
     ##        ##  ##     ## ##       ##     ##  ##   ##  ##       ##
     ######    ##  ########  ######   ########  #########  ######  ######
     ##        ##  ##    ##  ##       ##     ## ##     ##       ## ##
     ##       #### ##     ## ######## ########  ##     ##  ######  ########

You're about to initialize a Firebase project in this directory:

  /Users/peterbailey/source/repos/tada

[info] 
=== Project Setup
[info] 
[info] First, let's associate this project directory with a Firebase project.
[info] You can create multiple project aliases by running firebase use --add, 
[info] but for now we'll just set up a default project.
[info] 
[info] i  If you want to create a project in a Google Cloud organization or folder, please use "firebase projects:create" instead, and return to this command when you've created the project. 
[debug] [2025-05-27T18:51:06.153Z] Checked if tokens are valid: true, expires at: 1748375393153
[debug] [2025-05-27T18:51:06.153Z] Checked if tokens are valid: true, expires at: 1748375393153
[debug] [2025-05-27T18:51:06.155Z] >>> [apiv2][query] POST https://cloudresourcemanager.googleapis.com/v1/projects [none]
[debug] [2025-05-27T18:51:06.155Z] >>> [apiv2][body] POST https://cloudresourcemanager.googleapis.com/v1/projects {"projectId":"open-tada","name":"Tada"}
[debug] [2025-05-27T18:51:06.656Z] <<< [apiv2][status] POST https://cloudresourcemanager.googleapis.com/v1/projects 200
[debug] [2025-05-27T18:51:06.656Z] <<< [apiv2][body] POST https://cloudresourcemanager.googleapis.com/v1/projects {"name":"operations/create_project.global.6067604256044453486"}
[debug] [2025-05-27T18:51:06.657Z] Checked if tokens are valid: true, expires at: 1748375393153
[debug] [2025-05-27T18:51:06.657Z] Checked if tokens are valid: true, expires at: 1748375393153
[debug] [2025-05-27T18:51:06.657Z] >>> [apiv2][query] GET https://cloudresourcemanager.googleapis.com/v1/operations/create_project.global.6067604256044453486 [none]
[debug] [2025-05-27T18:51:06.848Z] <<< [apiv2][status] GET https://cloudresourcemanager.googleapis.com/v1/operations/create_project.global.6067604256044453486 200
[debug] [2025-05-27T18:51:06.848Z] <<< [apiv2][body] GET https://cloudresourcemanager.googleapis.com/v1/operations/create_project.global.6067604256044453486 {"name":"operations/create_project.global.6067604256044453486"}
[debug] [2025-05-27T18:51:07.349Z] [Project Creation Poller] Retrying task index 0
[debug] [2025-05-27T18:51:07.350Z] Checked if tokens are valid: true, expires at: 1748375393153
[debug] [2025-05-27T18:51:07.350Z] Checked if tokens are valid: true, expires at: 1748375393153
[debug] [2025-05-27T18:51:07.350Z] >>> [apiv2][query] GET https://cloudresourcemanager.googleapis.com/v1/operations/create_project.global.6067604256044453486 [none]
[debug] [2025-05-27T18:51:07.489Z] <<< [apiv2][status] GET https://cloudresourcemanager.googleapis.com/v1/operations/create_project.global.6067604256044453486 200
[debug] [2025-05-27T18:51:07.490Z] <<< [apiv2][body] GET https://cloudresourcemanager.googleapis.com/v1/operations/create_project.global.6067604256044453486 {"name":"operations/create_project.global.6067604256044453486"}
[debug] [2025-05-27T18:51:08.492Z] [Project Creation Poller] Retrying task index 0
[debug] [2025-05-27T18:51:08.492Z] Checked if tokens are valid: true, expires at: 1748375393153
[debug] [2025-05-27T18:51:08.492Z] Checked if tokens are valid: true, expires at: 1748375393153
[debug] [2025-05-27T18:51:08.492Z] >>> [apiv2][query] GET https://cloudresourcemanager.googleapis.com/v1/operations/create_project.global.6067604256044453486 [none]
[debug] [2025-05-27T18:51:08.604Z] <<< [apiv2][status] GET https://cloudresourcemanager.googleapis.com/v1/operations/create_project.global.6067604256044453486 200
[debug] [2025-05-27T18:51:08.604Z] <<< [apiv2][body] GET https://cloudresourcemanager.googleapis.com/v1/operations/create_project.global.6067604256044453486 {"name":"operations/create_project.global.6067604256044453486","metadata":{"@type":"type.googleapis.com/google.cloudresourcemanager.v1.ProjectCreationStatus","gettable":true,"ready":true},"done":true,"response":{"@type":"type.googleapis.com/google.cloudresourcemanager.v1.Project","projectNumber":"18754025234","projectId":"open-tada","lifecycleState":"ACTIVE","name":"Tada","createTime":"2025-05-27T18:51:07.449980Z"}}
[debug] [2025-05-27T18:51:08.605Z] Checked if tokens are valid: true, expires at: 1748375393153
[debug] [2025-05-27T18:51:08.605Z] Checked if tokens are valid: true, expires at: 1748375393153
[debug] [2025-05-27T18:51:08.605Z] >>> [apiv2][query] POST https://firebase.googleapis.com/v1beta1/projects/open-tada:addFirebase [none]
[debug] [2025-05-27T18:51:09.333Z] <<< [apiv2][status] POST https://firebase.googleapis.com/v1beta1/projects/open-tada:addFirebase 403
[debug] [2025-05-27T18:51:09.333Z] <<< [apiv2][body] POST https://firebase.googleapis.com/v1beta1/projects/open-tada:addFirebase {"error":{"code":403,"message":"The caller does not have permission","status":"PERMISSION_DENIED"}}
[debug] [2025-05-27T18:51:09.334Z] Request to https://firebase.googleapis.com/v1beta1/projects/open-tada:addFirebase had HTTP Error: 403, The caller does not have permission
[debug] [2025-05-27T18:51:09.699Z] FirebaseError: Request to https://firebase.googleapis.com/v1beta1/projects/open-tada:addFirebase had HTTP Error: 403, The caller does not have permission
    at responseToError (/opt/homebrew/lib/node_modules/firebase-tools/lib/responseToError.js:52:12)
    at RetryOperation._fn (/opt/homebrew/lib/node_modules/firebase-tools/lib/apiv2.js:312:77)
    at process.processTicksAndRejections (node:internal/process/task_queues:105:5)
[error] 
[error] Error: Failed to add Firebase to Google Cloud Platform project. See firebase-debug.log for more info.
